<?xml version="1.0" encoding="UTF-8"?>
<!-- Generated by org.testng.reporters.JUnitReportReporter -->
<testsuite hostname="Ananth_cool" failures="0" tests="1" name="TestCases.LoginApplication" time="52.107" errors="0" timestamp="2021-12-17T16:04:30 IST" skipped="0">
  <testcase classname="TestCases.LoginApplication" name="Login" time="52.107"/>
  <system-out/>
</testsuite> <!-- TestCases.LoginApplication -->
